\\mac\home\desktop\game.nosync\x64\debug\game.ilk
\\mac\home\desktop\game.nosync\x64\debug\game.exe
\\mac\home\desktop\game.nosync\x64\debug\game.pdb
\\mac\home\desktop\game.nosync\x64\debug\game.res
\\mac\home\desktop\game.nosync\x64\debug\vc142.pdb
\\mac\home\desktop\game.nosync\x64\debug\vc142.idb
\\mac\home\desktop\game.nosync\x64\debug\texture.obj
\\mac\home\desktop\game.nosync\x64\debug\text.obj
\\mac\home\desktop\game.nosync\x64\debug\sound.obj
\\mac\home\desktop\game.nosync\x64\debug\scene.obj
\\mac\home\desktop\game.nosync\x64\debug\portal_exit.obj
\\mac\home\desktop\game.nosync\x64\debug\portal_entry.obj
\\mac\home\desktop\game.nosync\x64\debug\player.obj
\\mac\home\desktop\game.nosync\x64\debug\main.obj
\\mac\home\desktop\game.nosync\x64\debug\input.obj
\\mac\home\desktop\game.nosync\x64\debug\game_scene.obj
\\mac\home\desktop\game.nosync\x64\debug\game_object.obj
\\mac\home\desktop\game.nosync\x64\debug\engine.obj
\\mac\home\desktop\game.nosync\x64\debug\editor.obj
\\mac\home\desktop\game.nosync\x64\debug\wall.obj
\\mac\home\desktop\game.nosync\x64\debug\coin.obj
\\mac\home\desktop\game.nosync\x64\debug\circle_2d.obj
\\mac\home\desktop\game.nosync\x64\debug\bomb.obj
\\mac\home\desktop\game.nosync\x64\debug\assets.obj
\\mac\home\desktop\game.nosync\x64\debug\asset.obj
\\mac\home\desktop\game.nosync\x64\debug\animated_texture.obj
\\mac\home\desktop\game.nosync\x64\debug\vector_2d.obj
\\mac\home\desktop\game.nosync\x64\debug\game.tlog\link.read.1.tlog
\\mac\home\desktop\game.nosync\x64\debug\game.tlog\link.command.1.tlog
\\mac\home\desktop\game.nosync\x64\debug\game.tlog\rc.command.1.tlog
\\mac\home\desktop\game.nosync\x64\debug\game.tlog\link.write.1.tlog
\\mac\home\desktop\game.nosync\x64\debug\game.tlog\cl.read.1.tlog
\\mac\home\desktop\game.nosync\x64\debug\game.tlog\rc.write.1.tlog
\\mac\home\desktop\game.nosync\x64\debug\game.tlog\cl.command.1.tlog
\\mac\home\desktop\game.nosync\x64\debug\game.tlog\rc.read.1.tlog
\\mac\home\desktop\game.nosync\x64\debug\game.tlog\cl.write.1.tlog
